#
# There is insufficient memory for the Java Runtime Environment to continue.
# Native memory allocation (mmap) failed to map 134217728 bytes for G1 virtual space
# Possible reasons:
#   The system is out of physical RAM or swap space
#   The process is running with CompressedOops enabled, and the Java Heap may be blocking the growth of the native heap
# Possible solutions:
#   Reduce memory load on the system
#   Increase physical memory or swap space
#   Check if swap backing store is full
#   Decrease Java heap size (-Xmx/-Xms)
#   Decrease number of Java threads
#   Decrease Java thread stack sizes (-Xss)
#   Set larger code cache with -XX:ReservedCodeCacheSize=
#   JVM is running with Unscaled Compressed Oops mode in which the Java heap is
#     placed in the first 4GB address space. The Java Heap base address is the
#     maximum limit for the native heap growth. Please use -XX:HeapBaseMinAddress
#     to set the Java Heap base and to place the Java Heap above 4GB virtual address.
# This output file may be truncated or incomplete.
#
#  Out of Memory Error (os_windows.cpp:3552), pid=18868, tid=21224
#
# JRE version:  (17.0.9+11) (build )
# Java VM: Java HotSpot(TM) 64-Bit Server VM (17.0.9+11-LTS-201, mixed mode, emulated-client, sharing, tiered, compressed oops, compressed class ptrs, g1 gc, windows-amd64)
# No core dump will be written. Minidumps are not enabled by default on client versions of Windows
#

---------------  S U M M A R Y ------------

Command Line: -XX:TieredStopAtLevel=1 -Dspring.output.ansi.enabled=always -Dcom.sun.management.jmxremote -Dspring.jmx.enabled=true -Dspring.liveBeansView.mbeanDomain -Dspring.application.admin.enabled=true -Dmanagement.endpoints.jmx.exposure.include=* -javaagent:C:\Program Files\JetBrains\IntelliJ IDEA 2023.2.4\lib\idea_rt.jar=55932:C:\Program Files\JetBrains\IntelliJ IDEA 2023.2.4\bin -Dfile.encoding=UTF-8 com.emsi.eurekaclientapplication.EurekaClientApplication

Host: Intel(R) Core(TM) i7-4610M CPU @ 3.00GHz, 4 cores, 7G,  Windows 10 , 64 bit Build 19041 (10.0.19041.3636)
Time: Fri Dec  8 11:51:40 2023 Maroc (heure d64 bit Build 19041 (10.0.19041.3636) elapsed time: 0.086774 seconds (0d 0h 0m 0s)

---------------  T H R E A D  ---------------

Current thread (0x000001ea92b34930):  JavaThread "Unknown thread" [_thread_in_vm, id=21224, stack(0x000000cc69c00000,0x000000cc69d00000)]

Stack: [0x000000cc69c00000,0x000000cc69d00000]
Native frames: (J=compiled Java code, j=interpreted, Vv=VM code, C=native code)
V  [jvm.dll+0x678a4a]
V  [jvm.dll+0x7d9cfd]
V  [jvm.dll+0x7db60e]
V  [jvm.dll+0x7dbc73]
V  [jvm.dll+0x245e1f]
V  [jvm.dll+0x6758f9]
V  [jvm.dll+0x66a2a2]
V  [jvm.dll+0x303686]
V  [jvm.dll+0x30ac06]
V  [jvm.dll+0x35a48e]
V  [jvm.dll+0x35a6bf]
V  [jvm.dll+0x2da678]
V  [jvm.dll+0x2db5e4]
V  [jvm.dll+0x7ab6b1]
V  [jvm.dll+0x368041]
V  [jvm.dll+0x78a749]
V  [jvm.dll+0x3ebd4f]
V  [jvm.dll+0x3ed7d1]
C  [jli.dll+0x5297]
C  [ucrtbase.dll+0x21bb2]
C  [KERNEL32.DLL+0x17344]
C  [ntdll.dll+0x526b1]


---------------  P R O C E S S  ---------------

Threads class SMR info:
_java_thread_list=0x00007ffa81cf89d8, length=0, elements={
}

Java Threads: ( => current thread )

Other Threads:
  0x000001ea92b8e440 GCTaskThread "GC Thread#0" [stack: 0x000000cc69d00000,0x000000cc69e00000] [id=8080]
  0x000001ea92b9f0d0 ConcurrentGCThread "G1 Main Marker" [stack: 0x000000cc69e00000,0x000000cc69f00000] [id=17472]
  0x000001ea92ba0280 ConcurrentGCThread "G1 Conc#0" [stack: 0x000000cc69f00000,0x000000cc6a000000] [id=10980]

[error occurred during error reporting (printing all threads), id 0xc0000005, EXCEPTION_ACCESS_VIOLATION (0xc0000005) at pc=0x00007ffa8152b2d7]

VM state: not at safepoint (not fully initialized)

VM Mutex/Monitor currently owned by a thread:  ([mutex/lock_event])
[0x000001ea92b31690] Heap_lock - owner thread: 0x000001ea92b34930

Heap address: 0x0000000081600000, size: 2026 MB, Compressed Oops mode: 32-bit

CDS archive(s) mapped at: [0x0000000000000000-0x0000000000000000-0x0000000000000000), size 0, SharedBaseAddress: 0x0000000800000000, ArchiveRelocationMode: 1.
Narrow klass base: 0x0000000000000000, Narrow klass shift: 0, Narrow klass range: 0x0

GC Precious Log:
<Empty>

Heap:
 garbage-first heap   total 0K, used 0K [0x0000000081600000, 0x0000000100000000)
  region size 1024K, 0 young (0K), 0 survivors (0K)

[error occurred during error reporting (printing heap information), id 0xc0000005, EXCEPTION_ACCESS_VIOLATION (0xc0000005) at pc=0x00007ffa81912229]

GC Heap History (0 events):
No events

Deoptimization events (0 events):
No events

Classes unloaded (0 events):
No events

Classes redefined (0 events):
No events

Internal exceptions (0 events):
No events

VM Operations (0 events):
No events

Events (1 events):
Event: 0.081 Loaded shared library C:\Program Files\Java\jdk-17\bin\java.dll


Dynamic libraries:
0x00007ff705bc0000 - 0x00007ff705bd0000 	C:\Program Files\Java\jdk-17\bin\java.exe
0x00007ffae0f70000 - 0x00007ffae1168000 	C:\Windows\SYSTEM32\ntdll.dll
0x00007ffadf250000 - 0x00007ffadf30d000 	C:\Windows\System32\KERNEL32.DLL
0x00007ffade7d0000 - 0x00007ffadeac6000 	C:\Windows\System32\KERNELBASE.dll
0x00007ffadead0000 - 0x00007ffadebd0000 	C:\Windows\System32\ucrtbase.dll
0x00007ffacb620000 - 0x00007ffacb639000 	C:\Program Files\Java\jdk-17\bin\jli.dll
0x00007ffae0660000 - 0x00007ffae070f000 	C:\Windows\System32\ADVAPI32.dll
0x00007ffacb890000 - 0x00007ffacb8ab000 	C:\Program Files\Java\jdk-17\bin\VCRUNTIME140.dll
0x00007ffae0320000 - 0x00007ffae03be000 	C:\Windows\System32\msvcrt.dll
0x00007ffadf190000 - 0x00007ffadf22c000 	C:\Windows\System32\sechost.dll
0x00007ffae0450000 - 0x00007ffae0576000 	C:\Windows\System32\RPCRT4.dll
0x00007ffae0be0000 - 0x00007ffae0d7e000 	C:\Windows\System32\USER32.dll
0x00007ffadecf0000 - 0x00007ffaded12000 	C:\Windows\System32\win32u.dll
0x00007ffadf310000 - 0x00007ffadf33c000 	C:\Windows\System32\GDI32.dll
0x00007ffadebd0000 - 0x00007ffadecea000 	C:\Windows\System32\gdi32full.dll
0x00007ffade730000 - 0x00007ffade7cd000 	C:\Windows\System32\msvcp_win.dll
0x00007ffac79f0000 - 0x00007ffac7c8a000 	C:\Windows\WinSxS\amd64_microsoft.windows.common-controls_6595b64144ccf1df_6.0.19041.3636_none_60b6a03d71f818d5\COMCTL32.dll
0x00007ffad36b0000 - 0x00007ffad36ba000 	C:\Windows\SYSTEM32\VERSION.dll
0x00007ffae0580000 - 0x00007ffae05b0000 	C:\Windows\System32\IMM32.DLL
0x00007ffad71f0000 - 0x00007ffad71fc000 	C:\Program Files\Java\jdk-17\bin\vcruntime140_1.dll
0x00007ffac6500000 - 0x00007ffac658e000 	C:\Program Files\Java\jdk-17\bin\msvcp140.dll
0x00007ffa81240000 - 0x00007ffa81e21000 	C:\Program Files\Java\jdk-17\bin\server\jvm.dll
0x00007ffae0310000 - 0x00007ffae0318000 	C:\Windows\System32\PSAPI.DLL
0x00007ffad8cd0000 - 0x00007ffad8cd9000 	C:\Windows\SYSTEM32\WSOCK32.dll
0x00007ffae0710000 - 0x00007ffae077b000 	C:\Windows\System32\WS2_32.dll
0x00007ffac8e00000 - 0x00007ffac8e27000 	C:\Windows\SYSTEM32\WINMM.dll
0x00007ffadc4d0000 - 0x00007ffadc4e2000 	C:\Windows\SYSTEM32\kernel.appcore.dll
0x00007ffad4cc0000 - 0x00007ffad4cca000 	C:\Program Files\Java\jdk-17\bin\jimage.dll
0x00007ffad5700000 - 0x00007ffad58e4000 	C:\Windows\SYSTEM32\DBGHELP.DLL
0x00007ffad56a0000 - 0x00007ffad56d4000 	C:\Windows\SYSTEM32\dbgcore.DLL
0x00007ffadeed0000 - 0x00007ffadef52000 	C:\Windows\System32\bcryptPrimitives.dll
0x00007ffad58f0000 - 0x00007ffad58fe000 	C:\Program Files\Java\jdk-17\bin\instrument.dll
0x00007ffac7880000 - 0x00007ffac78a5000 	C:\Program Files\Java\jdk-17\bin\java.dll

dbghelp: loaded successfully - version: 4.0.5 - missing functions: none
symbol engine: initialized successfully - sym options: 0x614 - pdb path: .;C:\Program Files\Java\jdk-17\bin;C:\Windows\SYSTEM32;C:\Windows\WinSxS\amd64_microsoft.windows.common-controls_6595b64144ccf1df_6.0.19041.3636_none_60b6a03d71f818d5;C:\Program Files\Java\jdk-17\bin\server

VM Arguments:
jvm_args: -XX:TieredStopAtLevel=1 -Dspring.output.ansi.enabled=always -Dcom.sun.management.jmxremote -Dspring.jmx.enabled=true -Dspring.liveBeansView.mbeanDomain -Dspring.application.admin.enabled=true -Dmanagement.endpoints.jmx.exposure.include=* -javaagent:C:\Program Files\JetBrains\IntelliJ IDEA 2023.2.4\lib\idea_rt.jar=55932:C:\Program Files\JetBrains\IntelliJ IDEA 2023.2.4\bin -Dfile.encoding=UTF-8 
java_command: com.emsi.eurekaclientapplication.EurekaClientApplication
java_class_path (initial): C:\Users\pourtoi\Downloads\Amellal_Zakaria_Devoir 1\backend\EurekaClientApplication\target\classes;C:\Users\pourtoi\.m2\repository\org\springframework\boot\spring-boot-starter-actuator\3.2.0\spring-boot-starter-actuator-3.2.0.jar;C:\Users\pourtoi\.m2\repository\org\springframework\boot\spring-boot-starter\3.2.0\spring-boot-starter-3.2.0.jar;C:\Users\pourtoi\.m2\repository\org\springframework\boot\spring-boot-starter-logging\3.2.0\spring-boot-starter-logging-3.2.0.jar;C:\Users\pourtoi\.m2\repository\ch\qos\logback\logback-classic\1.4.11\logback-classic-1.4.11.jar;C:\Users\pourtoi\.m2\repository\ch\qos\logback\logback-core\1.4.11\logback-core-1.4.11.jar;C:\Users\pourtoi\.m2\repository\org\apache\logging\log4j\log4j-to-slf4j\2.21.1\log4j-to-slf4j-2.21.1.jar;C:\Users\pourtoi\.m2\repository\org\apache\logging\log4j\log4j-api\2.21.1\log4j-api-2.21.1.jar;C:\Users\pourtoi\.m2\repository\org\slf4j\jul-to-slf4j\2.0.9\jul-to-slf4j-2.0.9.jar;C:\Users\pourtoi\.m2\repository\jakarta\annotation\jakarta.annotation-api\2.1.1\jakarta.annotation-api-2.1.1.jar;C:\Users\pourtoi\.m2\repository\org\yaml\snakeyaml\2.2\snakeyaml-2.2.jar;C:\Users\pourtoi\.m2\repository\org\springframework\boot\spring-boot-actuator-autoconfigure\3.2.0\spring-boot-actuator-autoconfigure-3.2.0.jar;C:\Users\pourtoi\.m2\repository\org\springframework\boot\spring-boot-actuator\3.2.0\spring-boot-actuator-3.2.0.jar;C:\Users\pourtoi\.m2\repository\com\fasterxml\jackson\core\jackson-databind\2.15.3\jackson-databind-2.15.3.jar;C:\Users\pourtoi\.m2\repository\com\fasterxml\jackson\datatype\jackson-datatype-jsr310\2.15.3\jackson-datatype-jsr310-2.15.3.jar;C:\Users\pourtoi\.m2\repository\io\micrometer\micrometer-observation\1.12.0\micrometer-observation-1.12.0.jar;C:\Users\pourtoi\.m2\repository\io\micrometer\micrometer-commons\1.12.0\micrometer-commons-1.12.0.jar;C:\Users\pourtoi\.m2\repository\io\micrometer\micrometer-jakarta9\1.12.0\micrometer-jakarta9-1.12.0.jar;C:\Users\pourtoi\.m2\reposi
Launcher Type: SUN_STANDARD

[Global flags]
     intx CICompilerCount                          = 3                                         {product} {ergonomic}
     uint ConcGCThreads                            = 1                                         {product} {ergonomic}
     uint G1ConcRefinementThreads                  = 4                                         {product} {ergonomic}
   size_t G1HeapRegionSize                         = 1048576                                   {product} {ergonomic}
    uintx GCDrainStackTargetSize                   = 64                                        {product} {ergonomic}
   size_t InitialHeapSize                          = 134217728                                 {product} {ergonomic}
     bool ManagementServer                         = true                                      {product} {command line}
   size_t MarkStackSize                            = 4194304                                   {product} {ergonomic}
   size_t MaxHeapSize                              = 2124414976                                {product} {ergonomic}
   size_t MinHeapDeltaBytes                        = 1048576                                   {product} {ergonomic}
   size_t MinHeapSize                              = 8388608                                   {product} {ergonomic}
    uintx NonProfiledCodeHeapSize                  = 0                                      {pd product} {ergonomic}
     bool ProfileInterpreter                       = false                                  {pd product} {command line}
    uintx ProfiledCodeHeapSize                     = 0                                      {pd product} {ergonomic}
   size_t SoftMaxHeapSize                          = 2124414976                             {manageable} {ergonomic}
     intx TieredStopAtLevel                        = 1                                         {product} {command line}
     bool UseCompressedClassPointers               = true                           {product lp64_product} {ergonomic}
     bool UseCompressedOops                        = true                           {product lp64_product} {ergonomic}
     bool UseG1GC                                  = true                                      {product} {ergonomic}
     bool UseLargePagesIndividualAllocation        = false                                  {pd product} {ergonomic}

Logging:
Log output configuration:
 #0: stdout all=warning uptime,level,tags
 #1: stderr all=off uptime,level,tags

Environment Variables:
JAVA_HOME=C:\Program Files\Java\jdk-17
PATH=D:\orcl\dbhomeXE\bin;C:\Program Files (x86)\Common Files\Oracle\Java\javapath;C:\Windows\system32;C:\Windows;C:\Windows\System32\Wbem;C:\Windows\System32\WindowsPowerShell\v1.0\;C:\Windows\System32\OpenSSH\;C:\Program Files\Git\cmd;C:\Program Files\dotnet\;C:\Program Files\nodejs\;C:\Program Files\Git LFS;C:\Users\pourtoi\AppData\Local\Microsoft\WindowsApps;C:\Users\pourtoi\AppData\Local\Programs\Microsoft VS Code\bin;C:\Users\pourtoi\.dotnet\tools;C:\Users\pourtoi\AppData\Local\Packages\PythonSoftwareFoundation.Python.3.10_qbz5n2kfra8p0\LocalCache\local-packages\Python310\Scripts;C:\Users\pourtoi\AppData\Roaming\npm;C:\Users\pourtoi\dart-sdk\bin;C:\Users\pourtoi\flutter\flutter\bin;C:\Users\pourtoi\AppData\Local\Pub\Cache\bin;
USERNAME=pourtoi
OS=Windows_NT
PROCESSOR_IDENTIFIER=Intel64 Family 6 Model 60 Stepping 3, GenuineIntel



---------------  S Y S T E M  ---------------

OS:
 Windows 10 , 64 bit Build 19041 (10.0.19041.3636)
OS uptime: 14 days 2:29 hours
Hyper-V role detected

CPU: total 4 (initial active 4) (2 cores per cpu, 2 threads per core) family 6 model 60 stepping 3 microcode 0x27, cx8, cmov, fxsr, ht, mmx, sse, sse2, sse3, ssse3, sse4.1, sse4.2, popcnt, lzcnt, tsc, tscinvbit, avx, avx2, aes, erms, clmul, bmi1, bmi2, fma, vzeroupper, clflush, hv

Memory: 4k page, system-wide physical 8101M (800M free)
TotalPageFile size 17042M (AvailPageFile size 13M)
current process WorkingSet (physical memory assigned to process): 10M, peak: 10M
current process commit charge ("private bytes"): 46M, peak: 174M

vm_info: Java HotSpot(TM) 64-Bit Server VM (17.0.9+11-LTS-201) for windows-amd64 JRE (17.0.9+11-LTS-201), built on Oct 10 2023 23:16:06 by "mach5one" with MS VC++ 17.1 (VS2022)

END.
